<?xml version="1.0" encoding="UTF-8"?>
<testng-results skipped="0" failed="0" ignored="0" total="1" passed="1">
  <reporter-output>
  </reporter-output>
  <suite name="Default suite" duration-ms="62025" started-at="2019-06-04T02:28:35Z" finished-at="2019-06-04T02:29:37Z">
    <groups>
    </groups>
    <test name="Default test" duration-ms="62025" started-at="2019-06-04T02:28:35Z" finished-at="2019-06-04T02:29:37Z">
      <class name="rediff.testcases.Dice_Websit_Proj">
        <test-method status="PASS" signature="searchForJob()[pri:0, instance:rediff.testcases.Dice_Websit_Proj@5419f379]" name="searchForJob" duration-ms="61998" started-at="2019-06-04T02:28:35Z" finished-at="2019-06-04T02:29:37Z">
          <reporter-output>
          </reporter-output>
        </test-method> <!-- searchForJob -->
      </class> <!-- rediff.testcases.Dice_Websit_Proj -->
    </test> <!-- Default test -->
  </suite> <!-- Default suite -->
</testng-results>
